<?xml version="1.0" encoding="UTF-8"?>
<!-- Generated by org.testng.reporters.JUnitReportReporter -->
<testsuite skipped="0" hostname="DESKTOP-HJ2LQR2" name="com.nms.radwinAutomation.login.SignInTest" tests="1" failures="0" timestamp="05 May 2020 10:10:49 GMT" time="24.279" errors="0">
  <testcase name="positiveTest" time="24.279" classname="com.nms.radwinAutomation.login.SignInTest"/>
</testsuite> <!-- com.nms.radwinAutomation.login.SignInTest -->
