<?xml version="1.0" encoding="UTF-8"?>
<!-- Generated by org.testng.reporters.JUnitReportReporter -->
<testsuite skipped="0" hostname="DESKTOP-HJ2LQR2" name="com.nms.radwinAutomation.login.AdminTest" tests="1" failures="0" timestamp="29 May 2020 11:26:04 GMT" time="19.187" errors="0">
  <testcase name="createCredentialProfile" time="19.187" classname="com.nms.radwinAutomation.login.AdminTest"/>
</testsuite> <!-- com.nms.radwinAutomation.login.AdminTest -->
