<?xml version="1.0" encoding="UTF-8"?>
<!-- Generated by org.testng.reporters.JUnitReportReporter -->
<testsuite skipped="1" hostname="DESKTOP-HJ2LQR2" name="com.nms.radwinAutomation.login.AdminTest" tests="2" failures="0" timestamp="13 May 2020 14:21:14 GMT" time="26.264" errors="0">
  <testcase name="createCredentialProfile" time="26.264" classname="com.nms.radwinAutomation.login.AdminTest"/>
  <testcase name="createDiscoveryProfile" time="0.000" classname="com.nms.radwinAutomation.login.AdminTest">
    <skipped/>
  </testcase> <!-- createDiscoveryProfile -->
</testsuite> <!-- com.nms.radwinAutomation.login.AdminTest -->
